<?xml version="1.0" encoding="UTF-8"?>
<!-- Generated by org.testng.reporters.JUnitXMLReporter -->
<testsuite hostname="DESKTOP-QQNSE4L" ignored="0" name="Test" tests="1" failures="1" timestamp="2020-07-28T10:25:02 IST" time="37.367" errors="0">
  <testcase name="TC_AmazonSearchBox" time="24.013" classname="amazon.testcases.Amazonsearch_Test">
    <failure type="java.lang.AssertionError" message="The following asserts failed:
	null">
      <![CDATA[java.lang.AssertionError: The following asserts failed:
null
at amazon.pages.Productspage.productslistdisplay(Productspage.java:41)
at amazon.testcases.Amazonsearch_Test.TC_AmazonSearchBox(Amazonsearch_Test.java:47)
at java.util.ArrayList.forEach(Unknown Source)
... Removed 29 stack frames]]>
    </failure>
  </testcase> <!-- TC_AmazonSearchBox -->
</testsuite> <!-- Test -->
