-------------------------------------------------------------------------------
Test set: amazon.testcases.Amazonsearch_Test
-------------------------------------------------------------------------------
Tests run: 1, Failures: 1, Errors: 0, Skipped: 0, Time elapsed: 14.381 sec <<< FAILURE!
TC_AmazonSearchBox(amazon.testcases.Amazonsearch_Test)  Time elapsed: 0.23 sec  <<< FAILURE!
java.lang.AssertionError: The following asserts failed:
	null
	at org.testng.asserts.SoftAssert.assertAll(SoftAssert.java:47)
	at org.testng.asserts.SoftAssert.assertAll(SoftAssert.java:31)
	at amazon.pages.Homepage.Amazonsearchbar(Homepage.java:50)
	at amazon.testcases.Amazonsearch_Test.TC_AmazonSearchBox(Amazonsearch_Test.java:45)

