<?xml version="1.0" encoding="UTF-8"?>
<!-- Generated by org.testng.reporters.JUnitXMLReporter -->
<testsuite ignored="0" hostname="DESKTOP-QQNSE4L" failures="1" tests="1" name="Command line test" time="13.046" errors="0" timestamp="2020-07-30T16:03:56 IST">
  <testcase classname="amazon.testcases.Amazonsearch_Test" name="TC_AmazonSearchBox" time="0.203">
    <failure type="java.lang.AssertionError" message="The following asserts failed:
	null">
      <![CDATA[java.lang.AssertionError: The following asserts failed:
null
at amazon.pages.Homepage.Amazonsearchbar(Homepage.java:50)
at amazon.testcases.Amazonsearch_Test.TC_AmazonSearchBox(Amazonsearch_Test.java:45)
at java.base/java.util.ArrayList.forEach(ArrayList.java:1507)
... Removed 38 stack frames]]>
    </failure>
  </testcase> <!-- TC_AmazonSearchBox -->
</testsuite> <!-- Command line test -->
