<?xml version="1.0" encoding="UTF-8"?>
<testng-results skipped="0" failed="1" ignored="0" total="1" passed="0">
  <reporter-output>
    <line>
      <![CDATA[Country selection Option popup clicked]]>
    </line>
    <line>
      <![CDATA[Option selected is  :: Books]]>
    </line>
    <line>
      <![CDATA[The word printed in search bar is :: science]]>
    </line>
    <line>
      <![CDATA[Search button clicked]]>
    </line>
    <line>
      <![CDATA[Oops Something went wrong :: org.openqa.selenium.NoSuchElementException: no such element: Unable to locate element: {"method":"xpath","selector":"//div[@id='search']/div[1]/div[2]/div[1]/span[3]/div[1]/div[1]/div[1]/span/div[1]/div[1]/div[2]/div[2]/div[1]/div[2]/div[1]"}
  (Session info: chrome=84.0.4147.89)
For documentation on this error, please visit: https://www.seleniumhq.org/exceptions/no_such_element.html
Build info: version: '3.141.59', revision: 'e82be7d358', time: '2018-11-14T08:17:03'
System info: host: 'DESKTOP-QQNSE4L', ip: '192.168.1.6', os.name: 'Windows 10', os.arch: 'amd64', os.version: '10.0', java.version: '1.8.0_231'
Driver info: org.openqa.selenium.chrome.ChromeDriver
Capabilities {acceptInsecureCerts: false, browserName: chrome, browserVersion: 84.0.4147.89, chrome: {chromedriverVersion: 84.0.4147.30 (48b3e868b4cc0..., userDataDir: C:\Users\VIKASS~1\AppData\L...}, goog:chromeOptions: {debuggerAddress: localhost:58811}, javascriptEnabled: true, networkConnectionEnabled: false, pageLoadStrategy: normal, platform: WINDOWS, platformName: WINDOWS, proxy: Proxy(), setWindowRect: true, strictFileInteractability: false, timeouts: {implicit: 0, pageLoad: 300000, script: 30000}, unhandledPromptBehavior: dismiss and notify, webauthn:virtualAuthenticators: true}
Session ID: 04c1813e487fce246c1ea75a0bb2afcc
*** Element info: {Using=xpath, value=//div[@id='search']/div[1]/div[2]/div[1]/span[3]/div[1]/div[1]/div[1]/span/div[1]/div[1]/div[2]/div[2]/div[1]/div[2]/div[1]}]]>
    </line>
  </reporter-output>
  <suite name="Suite" duration-ms="37367" started-at="2020-07-28T10:24:24 IST" finished-at="2020-07-28T10:25:02 IST">
    <groups>
    </groups>
    <test name="Test" duration-ms="37367" started-at="2020-07-28T10:24:24 IST" finished-at="2020-07-28T10:25:02 IST">
      <class name="amazon.testcases.Amazonsearch_Test">
        <test-method status="PASS" signature="StartReport()[pri:0, instance:amazon.testcases.Amazonsearch_Test@64729b1e]" name="StartReport" is-config="true" duration-ms="355" started-at="2020-07-28T10:24:24 IST" finished-at="2020-07-28T10:24:24 IST">
          <reporter-output>
          </reporter-output>
        </test-method> <!-- StartReport -->
        <test-method status="PASS" signature="intializebrowser()[pri:0, instance:amazon.testcases.Amazonsearch_Test@64729b1e]" name="intializebrowser" is-config="true" duration-ms="12238" started-at="2020-07-28T10:24:24 IST" finished-at="2020-07-28T10:24:36 IST">
          <reporter-output>
          </reporter-output>
        </test-method> <!-- intializebrowser -->
        <test-method status="FAIL" signature="TC_AmazonSearchBox()[pri:0, instance:amazon.testcases.Amazonsearch_Test@64729b1e]" name="TC_AmazonSearchBox" duration-ms="24013" started-at="2020-07-28T10:24:37 IST" finished-at="2020-07-28T10:25:01 IST">
          <exception class="java.lang.AssertionError">
            <message>
              <![CDATA[The following asserts failed:
null]]>
            </message>
            <full-stacktrace>
              <![CDATA[java.lang.AssertionError: The following asserts failed:
null
at org.testng.asserts.SoftAssert.assertAll(SoftAssert.java:47)
at org.testng.asserts.SoftAssert.assertAll(SoftAssert.java:31)
at amazon.pages.Productspage.productslistdisplay(Productspage.java:41)
at amazon.testcases.Amazonsearch_Test.TC_AmazonSearchBox(Amazonsearch_Test.java:47)
at sun.reflect.NativeMethodAccessorImpl.invoke0(Native Method)
at sun.reflect.NativeMethodAccessorImpl.invoke(Unknown Source)
at sun.reflect.DelegatingMethodAccessorImpl.invoke(Unknown Source)
at java.lang.reflect.Method.invoke(Unknown Source)
at org.testng.internal.MethodInvocationHelper.invokeMethod(MethodInvocationHelper.java:135)
at org.testng.internal.TestInvoker.invokeMethod(TestInvoker.java:598)
at org.testng.internal.TestInvoker.invokeTestMethod(TestInvoker.java:174)
at org.testng.internal.MethodRunner.runInSequence(MethodRunner.java:46)
at org.testng.internal.TestInvoker$MethodInvocationAgent.invoke(TestInvoker.java:821)
at org.testng.internal.TestInvoker.invokeTestMethods(TestInvoker.java:147)
at org.testng.internal.TestMethodWorker.invokeTestMethods(TestMethodWorker.java:146)
at org.testng.internal.TestMethodWorker.run(TestMethodWorker.java:128)
at java.util.ArrayList.forEach(Unknown Source)
at org.testng.TestRunner.privateRun(TestRunner.java:767)
at org.testng.TestRunner.run(TestRunner.java:588)
at org.testng.SuiteRunner.runTest(SuiteRunner.java:384)
at org.testng.SuiteRunner.runSequentially(SuiteRunner.java:378)
at org.testng.SuiteRunner.privateRun(SuiteRunner.java:337)
at org.testng.SuiteRunner.run(SuiteRunner.java:286)
at org.testng.SuiteRunnerWorker.runSuite(SuiteRunnerWorker.java:53)
at org.testng.SuiteRunnerWorker.run(SuiteRunnerWorker.java:96)
at org.testng.TestNG.runSuitesSequentially(TestNG.java:1214)
at org.testng.TestNG.runSuitesLocally(TestNG.java:1136)
at org.testng.TestNG.runSuites(TestNG.java:1066)
at org.testng.TestNG.run(TestNG.java:1034)
at org.testng.remote.AbstractRemoteTestNG.run(AbstractRemoteTestNG.java:115)
at org.testng.remote.RemoteTestNG.initAndRun(RemoteTestNG.java:251)
at org.testng.remote.RemoteTestNG.main(RemoteTestNG.java:77)
]]>
            </full-stacktrace>
          </exception> <!-- java.lang.AssertionError -->
          <reporter-output>
            <line>
              <![CDATA[Country selection Option popup clicked]]>
            </line>
            <line>
              <![CDATA[Option selected is  :: Books]]>
            </line>
            <line>
              <![CDATA[The word printed in search bar is :: science]]>
            </line>
            <line>
              <![CDATA[Search button clicked]]>
            </line>
            <line>
              <![CDATA[Oops Something went wrong :: org.openqa.selenium.NoSuchElementException: no such element: Unable to locate element: {"method":"xpath","selector":"//div[@id='search']/div[1]/div[2]/div[1]/span[3]/div[1]/div[1]/div[1]/span/div[1]/div[1]/div[2]/div[2]/div[1]/div[2]/div[1]"}
  (Session info: chrome=84.0.4147.89)
For documentation on this error, please visit: https://www.seleniumhq.org/exceptions/no_such_element.html
Build info: version: '3.141.59', revision: 'e82be7d358', time: '2018-11-14T08:17:03'
System info: host: 'DESKTOP-QQNSE4L', ip: '192.168.1.6', os.name: 'Windows 10', os.arch: 'amd64', os.version: '10.0', java.version: '1.8.0_231'
Driver info: org.openqa.selenium.chrome.ChromeDriver
Capabilities {acceptInsecureCerts: false, browserName: chrome, browserVersion: 84.0.4147.89, chrome: {chromedriverVersion: 84.0.4147.30 (48b3e868b4cc0..., userDataDir: C:\Users\VIKASS~1\AppData\L...}, goog:chromeOptions: {debuggerAddress: localhost:58811}, javascriptEnabled: true, networkConnectionEnabled: false, pageLoadStrategy: normal, platform: WINDOWS, platformName: WINDOWS, proxy: Proxy(), setWindowRect: true, strictFileInteractability: false, timeouts: {implicit: 0, pageLoad: 300000, script: 30000}, unhandledPromptBehavior: dismiss and notify, webauthn:virtualAuthenticators: true}
Session ID: 04c1813e487fce246c1ea75a0bb2afcc
*** Element info: {Using=xpath, value=//div[@id='search']/div[1]/div[2]/div[1]/span[3]/div[1]/div[1]/div[1]/span/div[1]/div[1]/div[2]/div[2]/div[1]/div[2]/div[1]}]]>
            </line>
          </reporter-output>
        </test-method> <!-- TC_AmazonSearchBox -->
        <test-method status="PASS" signature="closebrowser()[pri:0, instance:amazon.testcases.Amazonsearch_Test@64729b1e]" name="closebrowser" is-config="true" duration-ms="1033" started-at="2020-07-28T10:25:01 IST" finished-at="2020-07-28T10:25:02 IST">
          <reporter-output>
          </reporter-output>
        </test-method> <!-- closebrowser -->
        <test-method status="PASS" signature="endreport()[pri:0, instance:amazon.testcases.Amazonsearch_Test@64729b1e]" name="endreport" is-config="true" duration-ms="562" started-at="2020-07-28T10:25:02 IST" finished-at="2020-07-28T10:25:02 IST">
          <reporter-output>
          </reporter-output>
        </test-method> <!-- endreport -->
      </class> <!-- amazon.testcases.Amazonsearch_Test -->
    </test> <!-- Test -->
  </suite> <!-- Suite -->
</testng-results>
